<?xml version="1.0" encoding="UTF-8"?>
<!-- Generated by org.testng.reporters.JUnitXMLReporter -->
<testsuite hostname="DESKTOP-16O0SVF" name="ProgramTest" tests="4" failures="1" timestamp="19 Jun 2017 13:34:43 GMT" time="0.029" errors="0">
  <testcase name="testOne" time="0.006" classname="testng.SampleProgramOne"/>
  <testcase name="testThree" time="0.0" classname="testng.SampleProgramOne"/>
  <testcase name="testTwo" time="0.0" classname="testng.SampleProgramOne">
    <failure type="java.lang.AssertionError" message="expected [AutomationgTest] but found [AutomationgTesting]">
      <![CDATA[java.lang.AssertionError: expected [AutomationgTest] but found [AutomationgTesting]
	at testng.SampleProgramOne.testTwo(SampleProgramOne.java:15)
	at testng.ProgramTestRun.testNgXmlSuite(ProgramTestRun.java:40)
	at testng.ProgramTestRun.main(ProgramTestRun.java:45)
... Removed 27 stack frames]]>
    </failure>
  </testcase> <!-- testTwo -->
  <testcase name="testOne" time="0.0" classname="testng.SampleProgramTwo"/>
</testsuite> <!-- ProgramTest -->
